2022-11-22T15:56:54.473Z
cwd: /Users/melodycurtis/projects/lrs-admin
package: govuk-prototype-kit@13.0.0
argv: /Users/melodycurtis/.nvm/versions/node/v16.15.0/bin/node /Users/melodycurtis/.npm/_npx/ab0cb2c39bc0319f/node_modules/.bin/govuk-prototype-kit migrate
Started [Check migration is being applied to a pre v13 prototype]
Succeeded [Check migration is being applied to a pre v13 prototype]
2022-11-22T15:57:08.776Z
cwd: /Users/melodycurtis/projects/lrs-admin
package: govuk-prototype-kit@13.0.0
argv: /Users/melodycurtis/.nvm/versions/node/v16.15.0/bin/node /Users/melodycurtis/projects/lrs-admin/node_modules/.bin/govuk-prototype-kit migrate -- /Users/melodycurtis/projects/lrs-admin
Started [Migrate config.js to config.json]
Started [Update application SCSS file]
Started [Deleted files that are no longer needed]
Started [Deleted directories that are no longer needed]
Started [Delete /Users/melodycurtis/projects/lrs-admin/listen-on-port.js]
Started [Delete /Users/melodycurtis/projects/lrs-admin/server.js]
Started [Delete /Users/melodycurtis/projects/lrs-admin/start.js]
Started [Delete /Users/melodycurtis/projects/lrs-admin/gulpfile.js]
Started [Delete /Users/melodycurtis/projects/lrs-admin/VERSION.txt]
Started [Delete /Users/melodycurtis/projects/lrs-admin/Procfile]
Started [Remove unused directory docs]
Started [Remove unused directory gulp]
Started [Remove unused directory lib]
Succeeded [Migrate config.js to config.json]
Started [Overwrite app/filters.js]
Started [Overwrite app/assets/javascripts/application.js]
Started [Overwrite app/views/layout.html]
Succeeded [Delete /Users/melodycurtis/projects/lrs-admin/start.js]
Succeeded [Delete /Users/melodycurtis/projects/lrs-admin/listen-on-port.js]
Succeeded [Delete /Users/melodycurtis/projects/lrs-admin/gulpfile.js]
Succeeded [Delete /Users/melodycurtis/projects/lrs-admin/server.js]
Succeeded [Delete /Users/melodycurtis/projects/lrs-admin/VERSION.txt]
Succeeded [Delete /Users/melodycurtis/projects/lrs-admin/Procfile]
copying from [/Users/melodycurtis/projects/lrs-admin/node_modules/govuk-prototype-kit/prototype-starter/app/filters.js] to [/Users/melodycurtis/projects/lrs-admin/app/filters.js]
copying from [/Users/melodycurtis/projects/lrs-admin/node_modules/govuk-prototype-kit/prototype-starter/app/assets/javascripts/application.js] to [/Users/melodycurtis/projects/lrs-admin/app/assets/javascripts/application.js]
Started [Delete app/assets/images/separator.png]
copying from [/Users/melodycurtis/projects/lrs-admin/node_modules/govuk-prototype-kit/prototype-starter/app/views/layouts/main.html] to [/Users/melodycurtis/projects/lrs-admin/app/views/layout.html]
Started [Delete app/assets/images/separator-2x.png]
Started [Delete app/assets/javascripts/auto-store-data.js]
Started [Delete app/assets/images/unbranded.ico]
Started [Delete app/assets/javascripts/jquery-1.11.3.js]
Started [Delete app/views/includes/cookie-banner.html]
Started [Delete app/assets/sass/unbranded.scss]
Started [Delete app/views/includes/breadcrumb_examples.html]
Started [Delete app/views/layout_unbranded.html]
Started [Delete app/assets/sass/patterns/_related-items.scss]
Started [Delete app/assets/sass/patterns/_step-by-step-header.scss]
Started [Delete app/assets/sass/patterns/_step-by-step-related.scss]
Started [Delete app/assets/sass/patterns/_task-list.scss]
Started [Delete app/assets/sass/patterns/_step-by-step-nav.scss]
Succeeded [Deleted files that are no longer needed]
Found [// Add your routes here - above the module.exports line] in [/Users/melodycurtis/projects/lrs-admin/app/routes.js, replacing
Found [// Add extra styles here, or re-organise the Sass files in whichever way makes most sense to you] in [/Users/melodycurtis/projects/lrs-admin/app/assets/sass/application.scss, replacing
Keeping these lines from old file
Keeping these lines from old file
Succeeded [Remove unused directory gulp]
Succeeded [Delete app/assets/images/separator.png]
Succeeded [Delete app/assets/images/separator-2x.png]
Succeeded [Delete app/assets/javascripts/auto-store-data.js]
Succeeded [Delete app/assets/images/unbranded.ico]
Succeeded [Delete app/assets/javascripts/jquery-1.11.3.js]
Succeeded [Delete app/views/includes/cookie-banner.html]
Succeeded [Delete app/assets/sass/unbranded.scss]
Succeeded [Delete app/views/includes/breadcrumb_examples.html]
Succeeded [Delete app/views/layout_unbranded.html]
Succeeded [Delete app/assets/sass/patterns/_related-items.scss]
Succeeded [Delete app/assets/sass/patterns/_step-by-step-header.scss]
Succeeded [Delete app/assets/sass/patterns/_step-by-step-related.scss]
Succeeded [Delete app/assets/sass/patterns/_task-list.scss]
Succeeded [Delete app/assets/sass/patterns/_step-by-step-nav.scss]
Succeeded [Update application SCSS file]
// ,// For guidance on how to create routes see:,// https://prototype-kit.service.gov.uk/docs/routes,// ,,const govukPrototypeKit = require('govuk-prototype-kit'),const router = govukPrototypeKit.requests.setupRouter(),,// Add your routes here,,,module.exports = router,
Found [module.exports = router;,module.exports = router] in [/Users/melodycurtis/projects/lrs-admin/app/routes.js, removing
Succeeded [Remove unused directory lib]
Succeeded [Overwrite app/filters.js]
Succeeded [Overwrite app/assets/javascripts/application.js]
Succeeded [Remove unused directory docs]
Succeeded [Update routes file]
Succeeded [Deleted directories that are no longer needed]
Started [Delete app/views/includes/head.html]
Started [Delete app/views/includes/scripts.html]
Succeeded [Delete app/views/includes/head.html]
Succeeded [Delete app/views/includes/scripts.html]
Started [Remove old pattern includes from application SCSS file]
Succeeded [Remove old pattern includes from application SCSS file]
Started [Remove empty directory /app/assets/sass/patterns]
Started [Remove empty directory /app/assets/images]
Started [Remove empty directory /app/views/includes]
Succeeded [Remove empty directory /app/assets/images]
Succeeded [Remove empty directory /app/assets/sass/patterns]
Succeeded [Remove empty directory /app/views/includes]
